Traceback (most recent call last):
  File "/home/paladin/anaconda3/envs/matdata/lib/python3.11/site-packages/jupyter_core/utils/__init__.py", line 154, in wrapped
    asyncio.get_running_loop()
RuntimeError: no running event loop

During handling of the above exception, another exception occurred:

Traceback (most recent call last):
  File "/home/paladin/anaconda3/envs/matdata/lib/python3.11/site-packages/jupyter_cache/executors/utils.py", line 58, in single_nb_execution
    executenb(
  File "/home/paladin/anaconda3/envs/matdata/lib/python3.11/site-packages/nbclient/client.py", line 1319, in execute
    return NotebookClient(nb=nb, resources=resources, km=km, **kwargs).execute()
           ^^^^^^^^^^^^^^^^^^^^^^^^^^^^^^^^^^^^^^^^^^^^^^^^^^^^^^^^^^^^^^^^^^^^^
  File "/home/paladin/anaconda3/envs/matdata/lib/python3.11/site-packages/jupyter_core/utils/__init__.py", line 158, in wrapped
    return loop.run_until_complete(inner)
           ^^^^^^^^^^^^^^^^^^^^^^^^^^^^^^
  File "/home/paladin/anaconda3/envs/matdata/lib/python3.11/asyncio/base_events.py", line 654, in run_until_complete
    return future.result()
           ^^^^^^^^^^^^^^^
  File "/home/paladin/anaconda3/envs/matdata/lib/python3.11/site-packages/nbclient/client.py", line 709, in async_execute
    await self.async_execute_cell(
  File "/home/paladin/anaconda3/envs/matdata/lib/python3.11/site-packages/nbclient/client.py", line 1062, in async_execute_cell
    await self._check_raise_for_error(cell, cell_index, exec_reply)
  File "/home/paladin/anaconda3/envs/matdata/lib/python3.11/site-packages/nbclient/client.py", line 918, in _check_raise_for_error
    raise CellExecutionError.from_cell_and_msg(cell, exec_reply_content)
nbclient.exceptions.CellExecutionError: An error occurred while executing the following cell:
------------------
# Query Materials Project for Ca-Zr-O semiconductors
results_mp = mpr.materials.summary.search(
    chemsys=chemsys,
    band_gap=(bandgap_min, bandgap_max),
    fields=["material_id", "formula_pretty", "band_gap",
            "formation_energy_per_atom", "density", "symmetry"]
)

df_mp = pd.DataFrame([
    {
        "material_id": r.material_id,
        "formula": r.formula_pretty,
        "band_gap": r.band_gap,
        "formation_energy_per_atom": r.formation_energy_per_atom,
        "density": r.density,
        "crystal_system": r.symmetry.crystal_system
    }
    for r in results_mp
])

# Sort by band gap for better readability
df_mp = df_mp.sort_values(by="band_gap").reset_index(drop=True)

df_mp
------------------


[31m---------------------------------------------------------------------------[39m
[31mAttributeError[39m                            Traceback (most recent call last)
[36mCell[39m[36m [39m[32mIn[4][39m[32m, line 2[39m
[32m      1[39m [38;5;66;03m# Query Materials Project for Ca-Zr-O semiconductors[39;00m
[32m----> [39m[32m2[39m results_mp = [43mmpr[49m[43m.[49m[43mmaterials[49m.summary.search(
[32m      3[39m     chemsys=chemsys,
[32m      4[39m     band_gap=(bandgap_min, bandgap_max),
[32m      5[39m     fields=[[33m"[39m[33mmaterial_id[39m[33m"[39m, [33m"[39m[33mformula_pretty[39m[33m"[39m, [33m"[39m[33mband_gap[39m[33m"[39m,
[32m      6[39m             [33m"[39m[33mformation_energy_per_atom[39m[33m"[39m, [33m"[39m[33mdensity[39m[33m"[39m, [33m"[39m[33msymmetry[39m[33m"[39m]
[32m      7[39m )
[32m      9[39m df_mp = pd.DataFrame([
[32m     10[39m     {
[32m     11[39m         [33m"[39m[33mmaterial_id[39m[33m"[39m: r.material_id,
[32m   (...)[39m[32m     18[39m     [38;5;28;01mfor[39;00m r [38;5;129;01min[39;00m results_mp
[32m     19[39m ])
[32m     21[39m [38;5;66;03m# Sort by band gap for better readability[39;00m

[31mAttributeError[39m: 'NoneType' object has no attribute 'materials'

